gallery/build/intermediates/manifest_merge_blame_file/debug/manifest-merger-blame-debug-report.txt
1<?xml version="1.0" encoding="utf-8"?>
2<manifest xmlns:android="http://schemas.android.com/apk/res/android"
3    xmlns:tools="http://schemas.android.com/tools"
4    package="com.example.gallery" >
5
6    <uses-sdk
7        android:minSdkVersion="16"
7-->src/main/AndroidManifest.xml
8        android:targetSdkVersion="30" />
8-->src/main/AndroidManifest.xml
9
10    <uses-permission android:name="android.permission.INTERNET" />
10-->src/main/AndroidManifest.xml:6:5-67
10-->src/main/AndroidManifest.xml:6:22-64
11    <uses-permission android:name="android.permission.WRITE_EXTERNAL_STORAGE" />
11-->src/main/AndroidManifest.xml:7:5-81
11-->src/main/AndroidManifest.xml:7:22-78
12    <uses-permission android:name="android.permission.READ_EXTERNAL_STORAGE" />
12-->src/main/AndroidManifest.xml:8:5-80
12-->src/main/AndroidManifest.xml:8:22-77
13    <uses-permission android:name="android.permission.CAMERA" />
13-->src/main/AndroidManifest.xml:9:5-65
13-->src/main/AndroidManifest.xml:9:22-62
14
15    <application
15-->src/main/AndroidManifest.xml:11:5-38:19
16        android:usesCleartextTraffic="true"
16-->src/main/AndroidManifest.xml:12:9-44
17        tools:ignore="LockedOrientationActivity" >
17-->src/main/AndroidManifest.xml:13:9-49
18
19        <!-- Google Admob ads initialize -->
20        <meta-data
20-->src/main/AndroidManifest.xml:16:9-18:52
21            android:name="com.google.android.gms.ads.APPLICATION_ID"
21-->src/main/AndroidManifest.xml:17:13-69
22            android:value="@string/admob_app_id" />
22-->src/main/AndroidManifest.xml:18:13-49
23
24        <!-- Activities for Gallery -->
25        <activity
25-->src/main/AndroidManifest.xml:21:9-23:52
26            android:name="com.example.gallery.ui.GalleryActivity"
26-->src/main/AndroidManifest.xml:22:13-47
27            android:screenOrientation="portrait" />
27-->src/main/AndroidManifest.xml:23:13-49
28        <activity
28-->src/main/AndroidManifest.xml:24:9-26:52
29            android:name="com.example.gallery.internal.ui.AlbumPreviewActivity"
29-->src/main/AndroidManifest.xml:25:13-61
30            android:screenOrientation="portrait" />
30-->src/main/AndroidManifest.xml:26:13-49
31        <activity
31-->src/main/AndroidManifest.xml:27:9-29:52
32            android:name="com.example.gallery.internal.ui.SelectedPreviewActivity"
32-->src/main/AndroidManifest.xml:28:13-64
33            android:screenOrientation="portrait" />
33-->src/main/AndroidManifest.xml:29:13-49
34
35        <!-- Activities for Crop Image -->
36        <activity
36-->src/main/AndroidManifest.xml:32:9-34:52
37            android:name="com.example.gallery.imagecrop.CropImageActivity"
37-->src/main/AndroidManifest.xml:33:13-56
38            android:screenOrientation="portrait" />
38-->src/main/AndroidManifest.xml:34:13-49
39        <activity
39-->src/main/AndroidManifest.xml:35:9-37:52
40            android:name="com.example.gallery.imagecrop.ResultActivity"
40-->src/main/AndroidManifest.xml:36:13-53
41            android:screenOrientation="portrait" />
41-->src/main/AndroidManifest.xml:37:13-49
42    </application>
43
44</manifest>